<?xml version="1.0" encoding="UTF-8"?>
<coverage generated="1590938456253" clover="3.2.0">
  <project timestamp="1590938456253" name="All files">
    <metrics statements="11" coveredstatements="11" conditionals="4" coveredconditionals="4" methods="2" coveredmethods="2" elements="17" coveredelements="17" complexity="0" loc="11" ncloc="11" packages="1" files="2" classes="2"/>
    <file name="data.js" path="C:\Users\MrCookiez\Desktop\Projects\florinafood-api\utils\getTotalPrice\data.js">
      <metrics statements="4" coveredstatements="4" conditionals="0" coveredconditionals="0" methods="0" coveredmethods="0"/>
      <line num="2" count="1" type="stmt"/>
      <line num="15" count="1" type="stmt"/>
      <line num="23" count="1" type="stmt"/>
      <line num="25" count="1" type="stmt"/>
    </file>
    <file name="index.js" path="C:\Users\MrCookiez\Desktop\Projects\florinafood-api\utils\getTotalPrice\index.js">
      <metrics statements="7" coveredstatements="7" conditionals="4" coveredconditionals="4" methods="2" coveredmethods="2"/>
      <line num="5" count="1" type="stmt"/>
      <line num="6" count="3" type="cond" truecount="2" falsecount="0"/>
      <line num="7" count="2" type="cond" truecount="2" falsecount="0"/>
      <line num="9" count="1" type="stmt"/>
      <line num="10" count="2" type="stmt"/>
      <line num="13" count="1" type="stmt"/>
      <line num="16" count="1" type="stmt"/>
    </file>
  </project>
</coverage>
