{"C:\\Users\\MrCookiez\\Desktop\\Projects\\florinafood-api\\utils\\getTotalPrice\\data.js": {"path":"C:\\Users\\MrCookiez\\Desktop\\Projects\\florinafood-api\\utils\\getTotalPrice\\data.js","statementMap":{"0":{"start":{"line":2,"column":20},"end":{"line":13,"column":1}},"1":{"start":{"line":15,"column":15},"end":{"line":21,"column":1}},"2":{"start":{"line":23,"column":26},"end":{"line":23,"column":28}},"3":{"start":{"line":25,"column":0},"end":{"line":25,"column":62}}},"fnMap":{},"branchMap":{},"s":{"0":1,"1":1,"2":1,"3":1},"f":{},"b":{},"_coverageSchema":"1a1c01bbd47fc00a2c39e90264f33305004495a9","hash":"a5d1ba2267890e0c48e7646c80a332c15e4d2de9"}
,"C:\\Users\\MrCookiez\\Desktop\\Projects\\florinafood-api\\utils\\getTotalPrice\\index.js": {"path":"C:\\Users\\MrCookiez\\Desktop\\Projects\\florinafood-api\\utils\\getTotalPrice\\index.js","statementMap":{"0":{"start":{"line":5,"column":22},"end":{"line":14,"column":1}},"1":{"start":{"line":6,"column":2},"end":{"line":6,"column":41}},"2":{"start":{"line":6,"column":29},"end":{"line":6,"column":41}},"3":{"start":{"line":7,"column":2},"end":{"line":7,"column":54}},"4":{"start":{"line":7,"column":29},"end":{"line":7,"column":54}},"5":{"start":{"line":9,"column":20},"end":{"line":11,"column":7}},"6":{"start":{"line":10,"column":4},"end":{"line":10,"column":34}},"7":{"start":{"line":13,"column":2},"end":{"line":13,"column":19}},"8":{"start":{"line":16,"column":0},"end":{"line":16,"column":31}}},"fnMap":{"0":{"name":"(anonymous_0)","decl":{"start":{"line":5,"column":22},"end":{"line":5,"column":23}},"loc":{"start":{"line":5,"column":36},"end":{"line":14,"column":1}},"line":5},"1":{"name":"(anonymous_1)","decl":{"start":{"line":9,"column":36},"end":{"line":9,"column":37}},"loc":{"start":{"line":9,"column":56},"end":{"line":11,"column":3}},"line":9}},"branchMap":{"0":{"loc":{"start":{"line":6,"column":2},"end":{"line":6,"column":41}},"type":"if","locations":[{"start":{"line":6,"column":2},"end":{"line":6,"column":41}},{"start":{"line":6,"column":2},"end":{"line":6,"column":41}}],"line":6},"1":{"loc":{"start":{"line":7,"column":2},"end":{"line":7,"column":54}},"type":"if","locations":[{"start":{"line":7,"column":2},"end":{"line":7,"column":54}},{"start":{"line":7,"column":2},"end":{"line":7,"column":54}}],"line":7}},"s":{"0":1,"1":3,"2":1,"3":2,"4":1,"5":1,"6":2,"7":1,"8":1},"f":{"0":3,"1":2},"b":{"0":[1,2],"1":[1,1]},"_coverageSchema":"1a1c01bbd47fc00a2c39e90264f33305004495a9","hash":"089e4384afa75cd3110eeee4fa7262830e48e36a"}
}
